c:\users\joão\documents\visual studio 2015\projects\carddetection\carddetection\x64\debug\carddetection.pch
c:\users\joão\documents\visual studio 2015\projects\carddetection\carddetection\x64\debug\vc140.pdb
c:\users\joão\documents\visual studio 2015\projects\carddetection\carddetection\x64\debug\vc140.idb
c:\users\joão\documents\visual studio 2015\projects\carddetection\carddetection\x64\debug\stdafx.obj
c:\users\joão\documents\visual studio 2015\projects\carddetection\carddetection\x64\debug\carddetection.obj
c:\users\joão\documents\visual studio 2015\projects\carddetection\carddetection\x64\debug\image.obj
c:\users\joão\documents\visual studio 2015\projects\carddetection\x64\debug\carddetection.ilk
c:\users\joão\documents\visual studio 2015\projects\carddetection\x64\debug\carddetection.exe
c:\users\joão\documents\visual studio 2015\projects\carddetection\x64\debug\carddetection.pdb
c:\users\joão\desktop\feup\5º ano\1º semestre\realidade virtual e aumentada\projecto 2\carddetection\x64\debug\carddetection.obj
c:\users\joão\desktop\feup\5º ano\1º semestre\realidade virtual e aumentada\projecto 2\carddetection\x64\debug\image.obj
c:\users\joão\desktop\feup\5º ano\1º semestre\realidade virtual e aumentada\projecto 2\carddetection\x64\debug\stdafx.obj
c:\users\joão\desktop\feup\5º ano\1º semestre\realidade virtual e aumentada\projecto 2\carddetection\x64\debug\carddetection.pch
c:\users\joão\desktop\feup\5º ano\1º semestre\realidade virtual e aumentada\projecto 2\carddetection\x64\debug\vc140.idb
c:\users\joão\desktop\feup\5º ano\1º semestre\realidade virtual e aumentada\projecto 2\carddetection\x64\debug\vc140.pdb
c:\users\joão\desktop\feup\5º ano\1º semestre\realidade virtual e aumentada\projecto 2\x64\debug\carddetection.pdb
c:\users\joão\desktop\feup\5º ano\1º semestre\realidade virtual e aumentada\projecto 2\x64\debug\carddetection.exe
c:\users\joão\desktop\feup\5º ano\1º semestre\realidade virtual e aumentada\projecto 2\x64\debug\carddetection.ilk
c:\users\joão\desktop\feup\5º ano\1º semestre\realidade virtual e aumentada\projecto 2\carddetection\x64\debug\carddetection.tlog\cl.command.1.tlog
c:\users\joão\desktop\feup\5º ano\1º semestre\realidade virtual e aumentada\projecto 2\carddetection\x64\debug\carddetection.tlog\cl.read.1.tlog
c:\users\joão\desktop\feup\5º ano\1º semestre\realidade virtual e aumentada\projecto 2\carddetection\x64\debug\carddetection.tlog\cl.write.1.tlog
c:\users\joão\desktop\feup\5º ano\1º semestre\realidade virtual e aumentada\projecto 2\carddetection\x64\debug\carddetection.tlog\link.command.1.tlog
c:\users\joão\desktop\feup\5º ano\1º semestre\realidade virtual e aumentada\projecto 2\carddetection\x64\debug\carddetection.tlog\link.read.1.tlog
c:\users\joão\desktop\feup\5º ano\1º semestre\realidade virtual e aumentada\projecto 2\carddetection\x64\debug\carddetection.tlog\link.write.1.tlog
